Vivado Simulator v2024.2.0
Copyright 1986-2022 Xilinx, Inc. All Rights Reserved.
Copyright 2022-2024 Advanced Micro Devices, Inc. All Rights Reserved.
Running: C:/Xilinx/Vivado/2024.2/bin/unwrapped/win64.o/xelab.exe --incr --debug typical --relax --mt 2 -L xil_defaultlib -L unisims_ver -L secureip --snapshot top_module_tb_func_impl xil_defaultlib.top_module_tb xil_defaultlib.glbl -log elaborate.log 
Using 2 slave threads.
Starting static elaboration
Pass Through NonSizing Optimizer
Completed static elaboration
Starting simulation data flow analysis
Completed simulation data flow analysis
Time Resolution for simulation is 1ps
Compiling module unisims_ver.BUFG
Compiling module unisims_ver.IBUF
Compiling module unisims_ver.LUT6
Compiling module unisims_ver.LUT5
Compiling module unisims_ver.x_lut3_mux8
Compiling module unisims_ver.LUT3
Compiling module unisims_ver.FDCE_default
Compiling module unisims_ver.MUXF7
Compiling module unisims_ver.LUT4
Compiling module unisims_ver.x_lut2_mux4
Compiling module unisims_ver.LUT2
Compiling module xil_defaultlib.loopback
Compiling module unisims_ver.OBUF
Compiling module unisims_ver.x_lut1_mux2
Compiling module unisims_ver.LUT1
Compiling module unisims_ver.CARRY4
Compiling module xil_defaultlib.uart_rx
Compiling module unisims_ver.FDPE_default
Compiling module xil_defaultlib.uart_tx
Compiling module xil_defaultlib.uart_top
Compiling module xil_defaultlib.top_module
Compiling module xil_defaultlib.top_module_tb
Compiling module xil_defaultlib.glbl
Built simulation snapshot top_module_tb_func_impl
